Build started 08.03.2017 0:06:53.
     1>Project "C:\Users\Anton\Documents\Visual Studio 2013\Projects\Bomberman\Bomberman\Bomberman.vcxproj" on node 2 (Build target(s)).
     1>ClCompile:
         C:\Program Files (x86)\Microsoft Visual Studio 12.0\VC\bin\CL.exe /c /I"E:\SFML-2.4.0\include" /ZI /nologo /W3 /WX- /sdl /Od /Oy- /D SFML_DYNAMIC /D WIN32 /D _DEBUG /D _CONSOLE /D _LIB /D _MBCS /Gm /EHsc /RTC1 /MDd /GS /fp:precise /Zc:wchar_t /Zc:forScope /Fo"Debug\\" /Fd"Debug\vc120.pdb" /Gd /TP /analyze- /errorReport:prompt enemy.cpp entity.cpp
         entity.cpp
     1>c:\users\anton\documents\visual studio 2013\projects\bomberman\bomberman\entity.h(16): warning C4305: 'initializing' : truncation from 'double' to 'const float'
     1>c:\users\anton\documents\visual studio 2013\projects\bomberman\bomberman\entity.cpp(21): warning C4244: 'argument' : conversion from 'int' to 'float', possible loss of data
     1>c:\users\anton\documents\visual studio 2013\projects\bomberman\bomberman\entity.cpp(25): warning C4244: 'initializing' : conversion from 'float' to 'int', possible loss of data
     1>c:\users\anton\documents\visual studio 2013\projects\bomberman\bomberman\entity.cpp(26): warning C4244: 'initializing' : conversion from 'float' to 'int', possible loss of data
     1>c:\users\anton\documents\visual studio 2013\projects\bomberman\bomberman\entity.cpp(30): warning C4244: '=' : conversion from 'const int' to 'float', possible loss of data
     1>c:\users\anton\documents\visual studio 2013\projects\bomberman\bomberman\entity.cpp(33): warning C4244: '=' : conversion from 'const int' to 'float', possible loss of data
     1>c:\users\anton\documents\visual studio 2013\projects\bomberman\bomberman\entity.cpp(36): warning C4244: '=' : conversion from 'const int' to 'float', possible loss of data
     1>c:\users\anton\documents\visual studio 2013\projects\bomberman\bomberman\entity.cpp(39): warning C4244: '=' : conversion from 'const int' to 'float', possible loss of data
     1>c:\users\anton\documents\visual studio 2013\projects\bomberman\bomberman\entity.cpp(44): warning C4244: '=' : conversion from 'int' to 'float', possible loss of data
     1>c:\users\anton\documents\visual studio 2013\projects\bomberman\bomberman\entity.cpp(48): warning C4244: '=' : conversion from 'const int' to 'float', possible loss of data
     1>c:\users\anton\documents\visual studio 2013\projects\bomberman\bomberman\entity.cpp(52): warning C4244: '=' : conversion from 'int' to 'float', possible loss of data
     1>c:\users\anton\documents\visual studio 2013\projects\bomberman\bomberman\entity.cpp(56): warning C4244: '=' : conversion from 'const int' to 'float', possible loss of data
     1>c:\users\anton\documents\visual studio 2013\projects\bomberman\bomberman\entity.cpp(68): warning C4244: 'argument' : conversion from 'int' to 'float', possible loss of data
         enemy.cpp
     1>c:\users\anton\documents\visual studio 2013\projects\bomberman\bomberman\entity.h(16): warning C4305: 'initializing' : truncation from 'double' to 'const float'
         Generating Code...
       Link:
         C:\Program Files (x86)\Microsoft Visual Studio 12.0\VC\bin\link.exe /ERRORREPORT:PROMPT /OUT:"C:\Users\Anton\Documents\Visual Studio 2013\Projects\Bomberman\Debug\Bomberman.exe" /INCREMENTAL /NOLOGO /LIBPATH:"E:\SFML-2.4.0\lib" "sfml-graphics-d.lib" "sfml-window-d.lib" "sfml-system-d.lib" "sfml-audio-d.lib" kernel32.lib user32.lib gdi32.lib winspool.lib comdlg32.lib advapi32.lib shell32.lib ole32.lib oleaut32.lib uuid.lib odbc32.lib odbccp32.lib kernel32.lib user32.lib gdi32.lib winspool.lib comdlg32.lib advapi32.lib shell32.lib ole32.lib oleaut32.lib uuid.lib odbc32.lib odbccp32.lib /MANIFEST /MANIFESTUAC:"level='asInvoker' uiAccess='false'" /manifest:embed /DEBUG /PDB:"C:\Users\Anton\Documents\Visual Studio 2013\Projects\Bomberman\Debug\Bomberman.pdb" /TLBID:1 /DYNAMICBASE /NXCOMPAT /IMPLIB:"C:\Users\Anton\Documents\Visual Studio 2013\Projects\Bomberman\Debug\Bomberman.lib" /MACHINE:X86 Debug\bomb.obj
         Debug\enemy.obj
         Debug\entity.obj
         Debug\hero.obj
         Debug\main.obj
         Debug\map.obj
         Bomberman.vcxproj -> C:\Users\Anton\Documents\Visual Studio 2013\Projects\Bomberman\Debug\Bomberman.exe
     1>Done Building Project "C:\Users\Anton\Documents\Visual Studio 2013\Projects\Bomberman\Bomberman\Bomberman.vcxproj" (Build target(s)).

Build succeeded.

Time Elapsed 00:00:06.49
